[debug] [2024-12-05T14:10:45.258Z] ----------------------------------------------------------------------
[debug] [2024-12-05T14:10:45.262Z] Command:       C:\Program Files\nodejs\node.exe C:\Users\Admin\AppData\Roaming\npm\node_modules\firebase-tools\lib\bin\firebase.js init
[debug] [2024-12-05T14:10:45.262Z] CLI Version:   13.28.0
[debug] [2024-12-05T14:10:45.263Z] Platform:      win32
[debug] [2024-12-05T14:10:45.263Z] Node Version:  v22.11.0
[debug] [2024-12-05T14:10:45.263Z] Time:          Thu Dec 05 2024 17:10:45 GMT+0300 (East Africa Time)
[debug] [2024-12-05T14:10:45.264Z] ----------------------------------------------------------------------
[debug] 
[debug] [2024-12-05T14:10:45.275Z] > command requires scopes: ["email","openid","https://www.googleapis.com/auth/cloudplatformprojects.readonly","https://www.googleapis.com/auth/firebase","https://www.googleapis.com/auth/cloud-platform"]
[debug] [2024-12-05T14:10:45.275Z] > authorizing via signed-in user (kimaniivan4@gmail.com)
[info] 
     ######## #### ########  ######## ########     ###     ######  ########
     ##        ##  ##     ## ##       ##     ##  ##   ##  ##       ##
     ######    ##  ########  ######   ########  #########  ######  ######
     ##        ##  ##    ##  ##       ##     ## ##     ##       ## ##
     ##       #### ##     ## ######## ########  ##     ##  ######  ########

You're about to initialize a Firebase project in this directory:

  C:\Users\Admin\Desktop\RippleEffect.Com

[info] 
=== Project Setup
[info] 
[info] First, let's associate this project directory with a Firebase project.
[info] You can create multiple project aliases by running firebase use --add, 
[info] but for now we'll just set up a default project.
[info] 
[debug] [2024-12-05T14:10:59.591Z] Checked if tokens are valid: true, expires at: 1733411429846
[debug] [2024-12-05T14:10:59.591Z] Checked if tokens are valid: true, expires at: 1733411429846
[debug] [2024-12-05T14:10:59.593Z] >>> [apiv2][query] GET https://firebase.googleapis.com/v1beta1/availableProjects pageSize=100
[debug] [2024-12-05T14:11:00.376Z] <<< [apiv2][status] GET https://firebase.googleapis.com/v1beta1/availableProjects 200
[debug] [2024-12-05T14:11:00.376Z] <<< [apiv2][body] GET https://firebase.googleapis.com/v1beta1/availableProjects [omitted]
[debug] [2024-12-05T14:11:02.825Z] Checked if tokens are valid: true, expires at: 1733411429846
[debug] [2024-12-05T14:11:02.825Z] Checked if tokens are valid: true, expires at: 1733411429846
[debug] [2024-12-05T14:11:02.825Z] >>> [apiv2][query] POST https://firebase.googleapis.com/v1beta1/projects/ripple-effect-com:addFirebase [none]
[debug] [2024-12-05T14:11:03.312Z] <<< [apiv2][status] POST https://firebase.googleapis.com/v1beta1/projects/ripple-effect-com:addFirebase 403
[debug] [2024-12-05T14:11:03.312Z] <<< [apiv2][body] POST https://firebase.googleapis.com/v1beta1/projects/ripple-effect-com:addFirebase {"error":{"code":403,"message":"The caller does not have permission","status":"PERMISSION_DENIED"}}
[debug] [2024-12-05T14:11:03.318Z] Request to https://firebase.googleapis.com/v1beta1/projects/ripple-effect-com:addFirebase had HTTP Error: 403, The caller does not have permission
[debug] [2024-12-05T14:11:03.676Z] FirebaseError: Request to https://firebase.googleapis.com/v1beta1/projects/ripple-effect-com:addFirebase had HTTP Error: 403, The caller does not have permission
    at responseToError (C:\Users\Admin\AppData\Roaming\npm\node_modules\firebase-tools\lib\responseToError.js:52:12)
    at RetryOperation._fn (C:\Users\Admin\AppData\Roaming\npm\node_modules\firebase-tools\lib\apiv2.js:312:77)
    at process.processTicksAndRejections (node:internal/process/task_queues:105:5)
[error] 
[error] Error: Failed to add Firebase to Google Cloud Platform project. See firebase-debug.log for more info.
[debug] [2024-12-05T14:11:11.748Z] ----------------------------------------------------------------------
[debug] [2024-12-05T14:11:11.752Z] Command:       C:\Program Files\nodejs\node.exe C:\Users\Admin\AppData\Roaming\npm\node_modules\firebase-tools\lib\bin\firebase.js init
[debug] [2024-12-05T14:11:11.752Z] CLI Version:   13.28.0
[debug] [2024-12-05T14:11:11.753Z] Platform:      win32
[debug] [2024-12-05T14:11:11.753Z] Node Version:  v22.11.0
[debug] [2024-12-05T14:11:11.753Z] Time:          Thu Dec 05 2024 17:11:11 GMT+0300 (East Africa Time)
[debug] [2024-12-05T14:11:11.753Z] ----------------------------------------------------------------------
[debug] 
[debug] [2024-12-05T14:11:11.767Z] > command requires scopes: ["email","openid","https://www.googleapis.com/auth/cloudplatformprojects.readonly","https://www.googleapis.com/auth/firebase","https://www.googleapis.com/auth/cloud-platform"]
[debug] [2024-12-05T14:11:11.767Z] > authorizing via signed-in user (kimaniivan4@gmail.com)
[info] 
     ######## #### ########  ######## ########     ###     ######  ########
     ##        ##  ##     ## ##       ##     ##  ##   ##  ##       ##
     ######    ##  ########  ######   ########  #########  ######  ######
     ##        ##  ##    ##  ##       ##     ## ##     ##       ## ##
     ##       #### ##     ## ######## ########  ##     ##  ######  ########

You're about to initialize a Firebase project in this directory:

  C:\Users\Admin\Desktop\RippleEffect.Com

[info] 
=== Project Setup
[info] 
[info] First, let's associate this project directory with a Firebase project.
[info] You can create multiple project aliases by running firebase use --add, 
[info] but for now we'll just set up a default project.
[info] 
[debug] [2024-12-05T14:11:22.452Z] Checked if tokens are valid: true, expires at: 1733411429846
[debug] [2024-12-05T14:11:22.453Z] Checked if tokens are valid: true, expires at: 1733411429846
[debug] [2024-12-05T14:11:22.455Z] >>> [apiv2][query] GET https://firebase.googleapis.com/v1beta1/availableProjects pageSize=100
[debug] [2024-12-05T14:11:23.402Z] <<< [apiv2][status] GET https://firebase.googleapis.com/v1beta1/availableProjects 200
[debug] [2024-12-05T14:11:23.403Z] <<< [apiv2][body] GET https://firebase.googleapis.com/v1beta1/availableProjects [omitted]
[debug] [2024-12-05T14:11:26.054Z] Checked if tokens are valid: true, expires at: 1733411429846
[debug] [2024-12-05T14:11:26.054Z] Checked if tokens are valid: true, expires at: 1733411429846
[debug] [2024-12-05T14:11:26.054Z] >>> [apiv2][query] POST https://firebase.googleapis.com/v1beta1/projects/rippleeffect-com:addFirebase [none]
[debug] [2024-12-05T14:11:26.568Z] <<< [apiv2][status] POST https://firebase.googleapis.com/v1beta1/projects/rippleeffect-com:addFirebase 403
[debug] [2024-12-05T14:11:26.569Z] <<< [apiv2][body] POST https://firebase.googleapis.com/v1beta1/projects/rippleeffect-com:addFirebase {"error":{"code":403,"message":"The caller does not have permission","status":"PERMISSION_DENIED"}}
[debug] [2024-12-05T14:11:26.572Z] Request to https://firebase.googleapis.com/v1beta1/projects/rippleeffect-com:addFirebase had HTTP Error: 403, The caller does not have permission
[debug] [2024-12-05T14:11:26.938Z] FirebaseError: Request to https://firebase.googleapis.com/v1beta1/projects/rippleeffect-com:addFirebase had HTTP Error: 403, The caller does not have permission
    at responseToError (C:\Users\Admin\AppData\Roaming\npm\node_modules\firebase-tools\lib\responseToError.js:52:12)
    at RetryOperation._fn (C:\Users\Admin\AppData\Roaming\npm\node_modules\firebase-tools\lib\apiv2.js:312:77)
    at process.processTicksAndRejections (node:internal/process/task_queues:105:5)
[error] 
[error] Error: Failed to add Firebase to Google Cloud Platform project. See firebase-debug.log for more info.
